<?xml version="1.0" encoding="UTF-8"?>
<robot generator="Robot 7.1.1 (Python 3.10.5 on win32)" generated="2024-11-28T23:06:56.014956" rpa="false" schemaversion="5">
<suite id="s1" name="Workflow-Test" source="C:\Users\Diogo\Documents\GitHub\workflow-test">
<suite id="s1-s1" name="Rbot" source="C:\Users\Diogo\Documents\GitHub\workflow-test\Rbot">
<suite id="s1-s1-s1" name="First" source="C:\Users\Diogo\Documents\GitHub\workflow-test\Rbot\First.robot">
<test id="s1-s1-s1-t1" name="Get Request Test" line="7">
<kw name="Create Session" owner="RequestsLibrary">
<msg time="2024-11-28T23:06:56.238686" level="INFO">Creating Session using : alias=google, url=http://www.google.com, headers={},                     cookies={}, auth=None, timeout=None, proxies=None, verify=False,                     debug=0 </msg>
<arg>google</arg>
<arg>http://www.google.com</arg>
<doc>Create Session: create a HTTP session to a server</doc>
<status status="PASS" start="2024-11-28T23:06:56.237687" elapsed="0.001995"/>
</kw>
<kw name="GET On Session" owner="RequestsLibrary">
<msg time="2024-11-28T23:06:56.375123" level="INFO">GET Request : url=http://www.google.com/ 
 path_url=/ 
 headers={'User-Agent': 'python-requests/2.27.1', 'Accept-Encoding': 'gzip, deflate, br', 'Accept': '*/*', 'Connection': 'keep-alive'} 
 body=None 
 </msg>
<msg time="2024-11-28T23:06:56.376151" level="INFO">GET Response : url=http://www.google.com/ 
 status=200, reason=OK 
 headers={'Date': 'Thu, 28 Nov 2024 23:06:56 GMT', 'Expires': '-1', 'Cache-Control': 'private, max-age=0', 'Content-Type': 'text/html; charset=ISO-8859-1', 'Content-Security-Policy-Report-Only': "object-src 'none';base-uri 'self';script-src 'nonce-GtxlGv_qG_PgncNujaP49A' 'strict-dynamic' 'report-sample' 'unsafe-eval' 'unsafe-inline' https: http:;report-uri https://csp.withgoogle.com/csp/gws/other-hp", 'Content-Encoding': 'gzip', 'Server': 'gws', 'Content-Length': '8163', 'X-XSS-Protection': '0', 'X-Frame-Options': 'SAMEORIGIN', 'Set-Cookie': 'AEC=AZ6Zc-VweFwGuYfPJmSJV3HSID7TuKMB_BB9sRVzJjfGPOjmk_JKixAp5C8; expires=Tue, 27-May-2025 23:06:56 GMT; path=/; domain=.google.com; Secure; HttpOnly; SameSite=lax'} 
 body=&lt;!doctype html&gt;&lt;html itemscope="" itemtype="http://schema.org/WebPage" lang="pt-PT"&gt;&lt;head&gt;&lt;meta content="text/html; charset=UTF-8" http-equiv="Content-Type"&gt;&lt;meta content="/images/branding/googleg/1x/googleg_standard_color_128dp.png" itemprop="image"&gt;&lt;title&gt;Google&lt;/title&gt;&lt;script nonce="GtxlGv_qG_PgncNujaP49A"&gt;(function(){var _g={kEI:'kPdIZ4WTHuOphbIPis73oAU',kEXPI:'0,18168,4131744,90133,2872,2891,43028,30022,16105,78218,127631,130792,8155,8860,14491,8701,13734,9779,62657,1340,90685,1804,14360,12047,8861,11814,1633,29278,11233264,2841545,515,18,17,1,6,1,6,7,2,1,6,1,81,4,2,2,2,2,15,1,1,2,1,1,1,1,1,1,2,1,2,1,1,1,1,1,11,1,1,1,6,1,1,2,1,1,1,1,1,1,1,1,1,1,1,1,1,1,1,1,1,2,1,3,1,3,3,1,3,1,2,1,1,2,3,2,2,1,1,1,1,1,1,5,1,1,1,1,2,1,1,1,28,30,48,10,68,3,3,3,3,3,3,3,3,29,15,68,27978394,16673,25204634,7374,46379,76725,15164,8182,17876,40788,12438,6750,22595,1285,9139,761,2317,1520,169,159,4460,1766,20260,3147,6,4577,5634,686,7851,22,11462,6976,3544,1341,13707,15635,3750,8382,5679,13362,11708,2,3364,1796,10665,3,9523,2216,1648,8014,2932,5350,41,11882,1282,475,1,4838,700,1932,324,315,1,31,1447,918,340,2198,1,41,2213,900,2,3047,3633,970,7446,657,5567,306,1,2,1216,52,192,517,378,3,7,1486,198,1784,4123,88,1562,3993,187,130,1463,1800,374,183,343,2,207,3,3258,1,2476,1332,900,751,16,461,1383,109,343,193,1888,792,582,194,1188,842,1512,706,415,158,1225,2,762,1309,904,1663,59,370,2056,2,3,2,973,1208,286,3,2,948,514,1376,249,304,182,1304,116,127,104,30,49,1834,105,1141,454,1,153,462,17,253,3,35,5,4,4,4,2,339,1,5,4,4,4,234,314,687,25,939,13,423,91,639,15,1311,1269,87,2,205,545,374,303,103,419,97,330,23,265,33,10,270,38,169,237,23,620,235,678,202,52,1,112,397,517,540,59,439,173,287,1,454,301,6,21385428,4,21275,18,2780,704,866,5280,159,1284,451,483,109,6,797,501,770,3',kBL:'_-AF',kOPI:89978449};(function(){var a;((a=window.google)==null?0:a.stvsc)?google.kEI=_g.kEI:window.google=_g;}).call(this);})();(function(){google.sn='webhp';google.kHL='pt-PT';})();(function(){
var g=this||self;function k(){return window.google&amp;&amp;window.google.kOPI||null};var l,m=[];function n(a){for(var b;a&amp;&amp;(!a.getAttribute||!(b=a.getAttribute("eid")));)a=a.parentNode;return b||l}function p(a){for(var b=null;a&amp;&amp;(!a.getAttribute||!(b=a.getAttribute("leid")));)a=a.parentNode;return b}function q(a){/^http:/i.test(a)&amp;&amp;window.location.protocol==="https:"&amp;&amp;(google.ml&amp;&amp;google.ml(Error("a"),!1,{src:a,glmm:1}),a="");return a}
function r(a,b,d,c,h){var e="";b.search("&amp;ei=")===-1&amp;&amp;(e="&amp;ei="+n(c),b.search("&amp;lei=")===-1&amp;&amp;(c=p(c))&amp;&amp;(e+="&amp;lei="+c));var f=b.search("&amp;cshid=")===-1&amp;&amp;a!=="slh";c="&amp;zx="+Date.now().toString();g._cshid&amp;&amp;f&amp;&amp;(c+="&amp;cshid="+g._cshid);(d=d())&amp;&amp;(c+="&amp;opi="+d);return"/"+(h||"gen_204")+"?atyp=i&amp;ct="+String(a)+"&amp;cad="+(b+e+c)};l=google.kEI;google.getEI=n;google.getLEI=p;google.ml=function(){return null};google.log=function(a,b,d,c,h,e){e=e===void 0?k:e;d||(d=r(a,b,e,c,h));if(d=q(d)){a=new Image;var f=m.length;m[f]=a;a.onerror=a.onload=a.onabort=function(){delete m[f]};a.src=d}};google.logUrl=function(a,b){b=b===void 0?k:b;return r("",a,b)};}).call(this);(function(){google.y={};google.sy=[];var d;(d=google).x||(d.x=function(a,b){if(a)var c=a.id;else{do c=Math.random();while(google.y[c])}google.y[c]=[a,b];return!1});var e;(e=google).sx||(e.sx=function(a){google.sy.push(a)});google.lm=[];var f;(f=google).plm||(f.plm=function(a){google.lm.push.apply(google.lm,a)});google.lq=[];var g;(g=google).load||(g.load=function(a,b,c){google.lq.push([[a],b,c])});var h;(h=google).loadAll||(h.loadAll=function(a,b){google.lq.push([a,b])});google.bx=!1;var k;(k=google).lx||(k.lx=function(){});var l=[],m;(m=google).fce||(m.fce=function(a,b,c,n){l.push([a,b,c,n])});google.qce=l;}).call(this);google.f={};(function(){
document.documentElement.addEventListener("submit",function(b){var a;if(a=b.target){var c=a.getAttribute("data-submitfalse");a=c==="1"||c==="q"&amp;&amp;!a.elements.q.value?!0:!1}else a=!1;a&amp;&amp;(b.preventDefault(),b.stopPropagation())},!0);document.documentElement.addEventListener("click",function(b){var a;a:{for(a=b.target;a&amp;&amp;a!==document.documentElement;a=a.parentElement)if(a.tagName==="A"){a=a.getAttribute("data-nohref")==="1";break a}a=!1}a&amp;&amp;b.preventDefault()},!0);}).call(this);&lt;/script&gt;&lt;style&gt;#gbar,#guser{font-size:13px;padding-top:1px !important;}#gbar{height:22px}#guser{padding-bottom:7px !important;text-align:right}.gbh,.gbd{border-top:1px solid #c9d7f1;font-size:1px}.gbh{height:0;position:absolute;top:24px;width:100%}@media all{.gb1{height:22px;margin-right:.5em;vertical-align:top}#gbar{float:left}}a.gb1,a.gb4{text-decoration:underline !important}a.gb1,a.gb4{color:#00c !important}.gbi .gb4{color:#dd8e27 !important}.gbf .gb4{color:#900 !important}
&lt;/style&gt;&lt;style&gt;body,td,a,p,.h{font-family:arial,sans-serif}body{margin:0;overflow-y:scroll}#gog{padding:3px 8px 0}td{line-height:.8em}.gac_m td{line-height:17px}form{margin-bottom:20px}.h{color:#1967d2}em{font-weight:bold;font-style:normal}.lst{height:25px;width:496px}.gsfi,.lst{font:18px arial,sans-serif}.gsfs{font:17px arial,sans-serif}.ds{display:inline-box;display:inline-block;margin:3px 0 4px;margin-left:4px}input{font-family:inherit}body{background:#fff;color:#000}a{color:#681da8;text-decoration:none}a:hover,a:active{text-decoration:underline}.fl a{color:#1967d2}a:visited{color:#681da8}.sblc{padding-top:5px}.sblc a{display:block;margin:2px 0;margin-left:13px;font-size:11px}.lsbb{background:#f8f9fa;border:solid 1px;border-color:#dadce0 #70757a #70757a #dadce0;height:30px}.lsbb{display:block}#WqQANb a{display:inline-block;margin:0 12px}.lsb{background:url(/images/nav_logo229.png) 0 -261px repeat-x;color:#000;border:none;cursor:pointer;height:30px;margin:0;outline:0;font:15px arial,sans-serif;vertical-align:top}.lsb:active{background:#dadce0}.lst:focus{outline:none}.Ucigb{width:458px}&lt;/style&gt;&lt;script nonce="GtxlGv_qG_PgncNujaP49A"&gt;(function(){window.google.erd={jsr:1,bv:2124,de:true,dpf:'rSnc9XrWMNpWFQNcJSUv8vKPr-CY1FJp9U3HBEsCx-4'};
var g=this||self;var k,l=(k=g.mei)!=null?k:1,n,p=(n=g.sdo)!=null?n:!0,q=0,r,t=google.erd,v=t.jsr;google.ml=function(a,b,d,m,e){e=e===void 0?2:e;b&amp;&amp;(r=a&amp;&amp;a.message);d===void 0&amp;&amp;(d={});d.cad="ple_"+google.ple+".aple_"+google.aple;if(google.dl)return google.dl(a,e,d,!0),null;b=d;if(v&lt;0){window.console&amp;&amp;console.error(a,b);if(v===-2)throw a;b=!1}else b=!a||!a.message||a.message==="Error loading script"||q&gt;=l&amp;&amp;!m?!1:!0;if(!b)return null;q++;d=d||{};b=encodeURIComponent;var c="/gen_204?atyp=i&amp;ei="+b(google.kEI);google.kEXPI&amp;&amp;(c+="&amp;jexpid="+b(google.kEXPI));c+="&amp;srcpg="+b(google.sn)+"&amp;jsr="+b(t.jsr)+
"&amp;bver="+b(t.bv);t.dpf&amp;&amp;(c+="&amp;dpf="+b(t.dpf));var f=a.lineNumber;f!==void 0&amp;&amp;(c+="&amp;line="+f);var h=a.fileName;h&amp;&amp;(h.indexOf("-extension:/")&gt;0&amp;&amp;(e=3),c+="&amp;script="+b(h),f&amp;&amp;h===window.location.href&amp;&amp;(f=document.documentElement.outerHTML.split("\n")[f],c+="&amp;cad="+b(f?f.substring(0,300):"No script found.")));google.ple&amp;&amp;google.ple===1&amp;&amp;(e=2);c+="&amp;jsel="+e;for(var u in d)c+="&amp;",c+=b(u),c+="=",c+=b(d[u]);c=c+"&amp;emsg="+b(a.name+": "+a.message);c=c+"&amp;jsst="+b(a.stack||"N/A");c.length&gt;=12288&amp;&amp;(c=c.substr(0,12288));a=c;m||google.log(0,"",a);return a};window.onerror=function(a,b,d,m,e){r!==a&amp;&amp;(a=e instanceof Error?e:Error(a),d===void 0||"lineNumber"in a||(a.lineNumber=d),b===void 0||"fileName"in a||(a.fileName=b),google.ml(a,!1,void 0,!1,a.name==="SyntaxError"||a.message.substring(0,11)==="SyntaxError"||a.message.indexOf("Script error")!==-1?3:0));r=null;p&amp;&amp;q&gt;=l&amp;&amp;(window.onerror=null)};})();&lt;/script&gt;&lt;/head&gt;&lt;body bgcolor="#fff"&gt;&lt;script nonce="GtxlGv_qG_PgncNujaP49A"&gt;(function(){var src='/images/nav_logo229.png';var iesg=false;document.body.onload = function(){window.n &amp;&amp; window.n();if (document.images){new Image().src=src;}
if (!iesg){document.f&amp;&amp;document.f.q.focus();document.gbqf&amp;&amp;document.gbqf.q.focus();}
}
})();&lt;/script&gt;&lt;div id="mngb"&gt;&lt;div id=gbar&gt;&lt;nobr&gt;&lt;b class=gb1&gt;Pesquisa&lt;/b&gt; &lt;a class=gb1 href="https://www.google.com/imghp?hl=pt-PT&amp;tab=wi"&gt;Imagens&lt;/a&gt; &lt;a class=gb1 href="http://maps.google.pt/maps?hl=pt-PT&amp;tab=wl"&gt;Maps&lt;/a&gt; &lt;a class=gb1 href="https://play.google.com/?hl=pt-PT&amp;tab=w8"&gt;Play&lt;/a&gt; &lt;a class=gb1 href="https://www.youtube.com/?tab=w1"&gt;YouTube&lt;/a&gt; &lt;a class=gb1 href="https://news.google.com/?tab=wn"&gt;Notícias&lt;/a&gt; &lt;a class=gb1 href="https://mail.google.com/mail/?tab=wm"&gt;Gmail&lt;/a&gt; &lt;a class=gb1 href="https://drive.google.com/?tab=wo"&gt;Drive&lt;/a&gt; &lt;a class=gb1 style="text-decoration:none" href="https://www.google.pt/intl/pt-PT/about/products?tab=wh"&gt;&lt;u&gt;Mais&lt;/u&gt; &amp;raquo;&lt;/a&gt;&lt;/nobr&gt;&lt;/div&gt;&lt;div id=guser width=100%&gt;&lt;nobr&gt;&lt;span id=gbn class=gbi&gt;&lt;/span&gt;&lt;span id=gbf class=gbf&gt;&lt;/span&gt;&lt;span id=gbe&gt;&lt;/span&gt;&lt;a href="http://www.google.pt/history/optout?hl=pt-PT" class=gb4&gt;Histórico da Web&lt;/a&gt; | &lt;a  href="/preferences?hl=pt-PT" class=gb4&gt;Definições&lt;/a&gt; | &lt;a target=_top id=gb_70 href="https://accounts.google.com/ServiceLogin?hl=pt-PT&amp;passive=true&amp;continue=http://www.google.com/&amp;ec=GAZAAQ" class=gb4&gt;Entrar&lt;/a&gt;&lt;/nobr&gt;&lt;/div&gt;&lt;div class=gbh style=left:0&gt;&lt;/div&gt;&lt;div class=gbh style=right:0&gt;&lt;/div&gt;&lt;/div&gt;&lt;center&gt;&lt;br clear="all" id="lgpd"&gt;&lt;div id="XjhHGf"&gt;&lt;img alt="Google" height="92" src="/images/branding/googlelogo/1x/googlelogo_white_background_color_272x92dp.png" style="padding:28px 0 14px" width="272" id="hplogo"&gt;&lt;br&gt;&lt;br&gt;&lt;/div&gt;&lt;form action="/search" name="f"&gt;&lt;table cellpadding="0" cellspacing="0"&gt;&lt;tr valign="top"&gt;&lt;td width="25%"&gt;&amp;nbsp;&lt;/td&gt;&lt;td align="center" nowrap=""&gt;&lt;input name="ie" value="ISO-8859-1" type="hidden"&gt;&lt;input value="pt-PT" name="hl" type="hidden"&gt;&lt;input name="source" type="hidden" value="hp"&gt;&lt;input name="biw" type="hidden"&gt;&lt;input name="bih" type="hidden"&gt;&lt;div class="ds" style="height:32px;margin:4px 0"&gt;&lt;div style="position:relative;zoom:1"&gt;&lt;input class="lst Ucigb" style="margin:0;padding:5px 8px 0 6px;vertical-align:top;color:#000;padding-right:38px" autocomplete="off" value="" title="Pesquisa Google" maxlength="2048" name="q" size="57"&gt;&lt;img src="/textinputassistant/tia.png" style="position:absolute;cursor:pointer;right:5px;top:4px;z-index:300" data-script-url="/textinputassistant/13/pt-PT_tia.js" id="tsuid_kPdIZ4WTHuOphbIPis73o... (set the log level to DEBUG or TRACE to see the full content) 
 </msg>
<msg time="2024-11-28T23:06:56.377116" level="INFO">${resp_google} = &lt;Response [200]&gt;</msg>
<var>${resp_google}</var>
<arg>google</arg>
<arg>/</arg>
<arg>expected_status=200</arg>
<doc>Sends a GET request on a previously created HTTP Session.</doc>
<status status="PASS" start="2024-11-28T23:06:56.239682" elapsed="0.137434"/>
</kw>
<kw name="Log To Console" owner="BuiltIn">
<arg>${resp_google.reason}</arg>
<doc>Logs the given message to the console.</doc>
<status status="PASS" start="2024-11-28T23:06:56.379111" elapsed="0.001448"/>
</kw>
<status status="PASS" start="2024-11-28T23:06:56.234695" elapsed="0.146388"/>
</test>
<doc>Sessions to check is Login is working</doc>
<status status="PASS" start="2024-11-28T23:06:56.071135" elapsed="0.312944"/>
</suite>
<status status="PASS" start="2024-11-28T23:06:56.064159" elapsed="0.323909"/>
</suite>
<status status="PASS" start="2024-11-28T23:06:56.021938" elapsed="0.369123"/>
</suite>
<statistics>
<total>
<stat pass="1" fail="0" skip="0">All Tests</stat>
</total>
<tag>
</tag>
<suite>
<stat pass="1" fail="0" skip="0" id="s1" name="Workflow-Test">Workflow-Test</stat>
<stat pass="1" fail="0" skip="0" id="s1-s1" name="Rbot">Workflow-Test.Rbot</stat>
<stat pass="1" fail="0" skip="0" id="s1-s1-s1" name="First">Workflow-Test.Rbot.First</stat>
</suite>
</statistics>
<errors>
</errors>
</robot>
